#! /c/Source/iverilog-install/bin/vvp
:ivl_version "12.0 (devel)" "(s20150603-1110-g18392a46)";
:ivl_delay_selection "TYPICAL";
:vpi_time_precision + 0;
:vpi_module "D:\iverilog\iverilog\lib\ivl\system.vpi";
:vpi_module "D:\iverilog\iverilog\lib\ivl\vhdl_sys.vpi";
:vpi_module "D:\iverilog\iverilog\lib\ivl\vhdl_textio.vpi";
:vpi_module "D:\iverilog\iverilog\lib\ivl\v2005_math.vpi";
:vpi_module "D:\iverilog\iverilog\lib\ivl\va_math.vpi";
S_0000017fe91de860 .scope module, "PE" "PE" 2 3;
 .timescale 0 0;
    .port_info 0 /INPUT 1 "start";
    .port_info 1 /INPUT 1 "clk";
    .port_info 2 /INPUT 1 "rst_n";
    .port_info 3 /INPUT 32 "weight";
    .port_info 4 /INPUT 32 "iact";
    .port_info 5 /OUTPUT 1 "load_weight";
    .port_info 6 /OUTPUT 1 "load_iact";
    .port_info 7 /OUTPUT 1 "done";
    .port_info 8 /OUTPUT 32 "pe_out0";
    .port_info 9 /OUTPUT 32 "pe_out1";
    .port_info 10 /OUTPUT 32 "pe_out2";
P_0000017fe91de9f0 .param/l "S0" 0 2 22, C4<000>;
P_0000017fe91dea28 .param/l "S1" 0 2 23, C4<001>;
P_0000017fe91dea60 .param/l "S2" 0 2 24, C4<010>;
P_0000017fe91dea98 .param/l "S3" 0 2 25, C4<011>;
P_0000017fe91dead0 .param/l "S4" 0 2 26, C4<100>;
P_0000017fe91deb08 .param/l "a_width" 0 2 5, +C4<00000000000000000000000000001000>;
P_0000017fe91deb40 .param/l "d_width" 0 2 4, +C4<00000000000000000000000000100000>;
P_0000017fe91deb78 .param/l "iact_size" 0 2 6, +C4<00000000000000000000000000000101>;
P_0000017fe91debb0 .param/l "kernel_size" 0 2 7, +C4<00000000000000000000000000000011>;
v0000017fe91dec90_0 .array/port v0000017fe91dec90, 0;
L_0000017fe922d900 .functor BUFZ 32, v0000017fe91dec90_0, C4<00000000000000000000000000000000>, C4<00000000000000000000000000000000>, C4<00000000000000000000000000000000>;
v0000017fe91dec90_1 .array/port v0000017fe91dec90, 1;
L_0000017fe922d740 .functor BUFZ 32, v0000017fe91dec90_1, C4<00000000000000000000000000000000>, C4<00000000000000000000000000000000>, C4<00000000000000000000000000000000>;
v0000017fe91dec90_2 .array/port v0000017fe91dec90, 2;
L_0000017fe922d890 .functor BUFZ 32, v0000017fe91dec90_2, C4<00000000000000000000000000000000>, C4<00000000000000000000000000000000>, C4<00000000000000000000000000000000>;
v0000017fe91debf0 .array "buffer_iact", 4 0, 31 0;
v0000017fe91dec90 .array "buffer_out", 2 0, 31 0;
v0000017fe91f28f0 .array "buffer_weight", 4 0, 31 0;
o0000017fe9238ff8 .functor BUFZ 1, C4<z>; HiZ drive
v0000017fe91f2990_0 .net "clk", 0 0, o0000017fe9238ff8;  0 drivers
v0000017fe91f2a30_0 .var "cnt_com_iact", 2 0;
v0000017fe91f2ad0_0 .var "cnt_com_weight", 2 0;
v0000017fe91f2b70_0 .var "cnt_load_iact", 2 0;
v0000017fe9224220_0 .var "cnt_load_weight", 2 0;
v0000017fe92242c0_0 .var "done", 0 0;
o0000017fe9239118 .functor BUFZ 32, C4<zzzzzzzzzzzzzzzzzzzzzzzzzzzzzzzz>; HiZ drive
v0000017fe92879f0_0 .net "iact", 31 0, o0000017fe9239118;  0 drivers
v0000017fe9287e50_0 .var "index_out", 2 0;
o0000017fe9239178 .functor BUFZ 1, C4<z>; HiZ drive
v0000017fe9287db0_0 .net "load_iact", 0 0, o0000017fe9239178;  0 drivers
o0000017fe92391a8 .functor BUFZ 1, C4<z>; HiZ drive
v0000017fe9287a90_0 .net "load_weight", 0 0, o0000017fe92391a8;  0 drivers
v0000017fe9287c70_0 .net "pe_out0", 31 0, L_0000017fe922d900;  1 drivers
v0000017fe9287770_0 .net "pe_out1", 31 0, L_0000017fe922d740;  1 drivers
v0000017fe9287450_0 .net "pe_out2", 31 0, L_0000017fe922d890;  1 drivers
o0000017fe9239268 .functor BUFZ 1, C4<z>; HiZ drive
v0000017fe9287ef0_0 .net "rst_n", 0 0, o0000017fe9239268;  0 drivers
o0000017fe9239298 .functor BUFZ 1, C4<z>; HiZ drive
v0000017fe92871d0_0 .net "start", 0 0, o0000017fe9239298;  0 drivers
v0000017fe9287590_0 .var "state", 2 0;
o0000017fe92392f8 .functor BUFZ 32, C4<zzzzzzzzzzzzzzzzzzzzzzzzzzzzzzzz>; HiZ drive
v0000017fe92874f0_0 .net "weight", 31 0, o0000017fe92392f8;  0 drivers
E_0000017fe921ccc0/0 .event negedge, v0000017fe9287ef0_0;
E_0000017fe921ccc0/1 .event posedge, v0000017fe91f2990_0;
E_0000017fe921ccc0 .event/or E_0000017fe921ccc0/0, E_0000017fe921ccc0/1;
S_0000017fe91f2760 .scope module, "SPad" "SPad" 3 1;
 .timescale 0 0;
    .port_info 0 /INPUT 1 "clk";
    .port_info 1 /INPUT 1 "rst_n";
    .port_info 2 /INPUT 1 "wen";
    .port_info 3 /INPUT 1 "ren";
    .port_info 4 /INPUT 8 "w_addr";
    .port_info 5 /INPUT 32 "w_data";
    .port_info 6 /INPUT 8 "r_addr";
    .port_info 7 /OUTPUT 32 "r_data";
P_0000017fe91f2eb0 .param/l "a_width" 0 3 3, +C4<00000000000000000000000000001000>;
P_0000017fe91f2ee8 .param/l "d_width" 0 3 2, +C4<00000000000000000000000000100000>;
o0000017fe9239538 .functor BUFZ 1, C4<z>; HiZ drive
v0000017fe9287810_0 .net "clk", 0 0, o0000017fe9239538;  0 drivers
v0000017fe9287130_0 .var/i "i", 31 0;
v0000017fe9287f90 .array "mem", 256 0, 31 0;
o0000017fe9239598 .functor BUFZ 8, C4<zzzzzzzz>; HiZ drive
v0000017fe92876d0_0 .net "r_addr", 7 0, o0000017fe9239598;  0 drivers
v0000017fe9287630_0 .var "r_data", 31 0;
o0000017fe92395f8 .functor BUFZ 1, C4<z>; HiZ drive
v0000017fe9287270_0 .net "ren", 0 0, o0000017fe92395f8;  0 drivers
o0000017fe9239628 .functor BUFZ 1, C4<z>; HiZ drive
v0000017fe9287310_0 .net "rst_n", 0 0, o0000017fe9239628;  0 drivers
o0000017fe9239658 .functor BUFZ 8, C4<zzzzzzzz>; HiZ drive
v0000017fe92878b0_0 .net "w_addr", 7 0, o0000017fe9239658;  0 drivers
o0000017fe9239688 .functor BUFZ 32, C4<zzzzzzzzzzzzzzzzzzzzzzzzzzzzzzzz>; HiZ drive
v0000017fe92873b0_0 .net "w_data", 31 0, o0000017fe9239688;  0 drivers
o0000017fe92396b8 .functor BUFZ 1, C4<z>; HiZ drive
v0000017fe9287950_0 .net "wen", 0 0, o0000017fe92396b8;  0 drivers
E_0000017fe921c380 .event posedge, v0000017fe9287810_0;
E_0000017fe921ca40/0 .event negedge, v0000017fe9287310_0;
E_0000017fe921ca40/1 .event posedge, v0000017fe9287810_0;
E_0000017fe921ca40 .event/or E_0000017fe921ca40/0, E_0000017fe921ca40/1;
    .scope S_0000017fe91de860;
T_0 ;
    %wait E_0000017fe921ccc0;
    %load/vec4 v0000017fe9287ef0_0;
    %nor/r;
    %flag_set/vec4 8;
    %jmp/0xz  T_0.0, 8;
    %pushi/vec4 0, 0, 3;
    %assign/vec4 v0000017fe9287590_0, 0;
    %pushi/vec4 0, 0, 3;
    %assign/vec4 v0000017fe91f2a30_0, 0;
    %pushi/vec4 0, 0, 3;
    %assign/vec4 v0000017fe91f2ad0_0, 0;
    %pushi/vec4 0, 0, 3;
    %assign/vec4 v0000017fe91f2b70_0, 0;
    %pushi/vec4 0, 0, 3;
    %assign/vec4 v0000017fe9224220_0, 0;
    %pushi/vec4 0, 0, 3;
    %assign/vec4 v0000017fe9287e50_0, 0;
    %pushi/vec4 0, 0, 1;
    %assign/vec4 v0000017fe92242c0_0, 0;
    %jmp T_0.1;
T_0.0 ;
    %load/vec4 v0000017fe9287590_0;
    %dup/vec4;
    %pushi/vec4 0, 0, 3;
    %cmp/u;
    %jmp/1 T_0.2, 6;
    %dup/vec4;
    %pushi/vec4 1, 0, 3;
    %cmp/u;
    %jmp/1 T_0.3, 6;
    %dup/vec4;
    %pushi/vec4 2, 0, 3;
    %cmp/u;
    %jmp/1 T_0.4, 6;
    %dup/vec4;
    %pushi/vec4 3, 0, 3;
    %cmp/u;
    %jmp/1 T_0.5, 6;
    %dup/vec4;
    %pushi/vec4 4, 0, 3;
    %cmp/u;
    %jmp/1 T_0.6, 6;
    %pushi/vec4 0, 0, 3;
    %assign/vec4 v0000017fe9287590_0, 0;
    %jmp T_0.8;
T_0.2 ;
    %load/vec4 v0000017fe92871d0_0;
    %flag_set/vec4 8;
    %jmp/0xz  T_0.9, 8;
    %pushi/vec4 1, 0, 3;
    %assign/vec4 v0000017fe9287590_0, 0;
    %jmp T_0.10;
T_0.9 ;
    %pushi/vec4 0, 0, 3;
    %assign/vec4 v0000017fe9287590_0, 0;
T_0.10 ;
    %jmp T_0.8;
T_0.3 ;
    %load/vec4 v0000017fe91f2b70_0;
    %pad/u 32;
    %cmpi/u 5, 0, 32;
    %jmp/0xz  T_0.11, 5;
    %load/vec4 v0000017fe92879f0_0;
    %load/vec4 v0000017fe91f2b70_0;
    %pad/u 4;
    %ix/vec4 3;
    %ix/load 4, 0, 0; Constant delay
    %assign/vec4/a/d v0000017fe91debf0, 0, 4;
    %load/vec4 v0000017fe91f2b70_0;
    %addi 1, 0, 3;
    %assign/vec4 v0000017fe91f2b70_0, 0;
    %pushi/vec4 1, 0, 3;
    %assign/vec4 v0000017fe9287590_0, 0;
    %jmp T_0.12;
T_0.11 ;
    %pushi/vec4 2, 0, 3;
    %assign/vec4 v0000017fe9287590_0, 0;
T_0.12 ;
    %jmp T_0.8;
T_0.4 ;
    %load/vec4 v0000017fe9224220_0;
    %pad/u 32;
    %cmpi/u 3, 0, 32;
    %jmp/0xz  T_0.13, 5;
    %load/vec4 v0000017fe92874f0_0;
    %load/vec4 v0000017fe9224220_0;
    %pad/u 4;
    %ix/vec4 3;
    %ix/load 4, 0, 0; Constant delay
    %assign/vec4/a/d v0000017fe91f28f0, 0, 4;
    %load/vec4 v0000017fe9224220_0;
    %addi 1, 0, 3;
    %assign/vec4 v0000017fe9224220_0, 0;
    %pushi/vec4 2, 0, 3;
    %assign/vec4 v0000017fe9287590_0, 0;
    %jmp T_0.14;
T_0.13 ;
    %pushi/vec4 3, 0, 3;
    %assign/vec4 v0000017fe9287590_0, 0;
T_0.14 ;
    %jmp T_0.8;
T_0.5 ;
    %load/vec4 v0000017fe91f2ad0_0;
    %pad/u 32;
    %cmpi/u 3, 0, 32;
    %jmp/0xz  T_0.15, 5;
    %load/vec4 v0000017fe9287e50_0;
    %pad/u 4;
    %ix/vec4 4;
    %load/vec4a v0000017fe91dec90, 4;
    %load/vec4 v0000017fe91f2a30_0;
    %pad/u 4;
    %ix/vec4 4;
    %load/vec4a v0000017fe91debf0, 4;
    %load/vec4 v0000017fe91f2ad0_0;
    %pad/u 4;
    %ix/vec4 4;
    %load/vec4a v0000017fe91f28f0, 4;
    %mul;
    %add;
    %load/vec4 v0000017fe9287e50_0;
    %pad/u 4;
    %ix/vec4 3;
    %ix/load 4, 0, 0; Constant delay
    %assign/vec4/a/d v0000017fe91dec90, 0, 4;
    %load/vec4 v0000017fe91f2a30_0;
    %addi 1, 0, 3;
    %assign/vec4 v0000017fe91f2a30_0, 0;
    %load/vec4 v0000017fe91f2ad0_0;
    %addi 1, 0, 3;
    %assign/vec4 v0000017fe91f2ad0_0, 0;
    %pushi/vec4 3, 0, 3;
    %assign/vec4 v0000017fe9287590_0, 0;
    %jmp T_0.16;
T_0.15 ;
    %load/vec4 v0000017fe9287e50_0;
    %pad/u 32;
    %cmpi/u 3, 0, 32;
    %jmp/0xz  T_0.17, 5;
    %load/vec4 v0000017fe9287e50_0;
    %addi 1, 0, 3;
    %assign/vec4 v0000017fe9287e50_0, 0;
    %pushi/vec4 0, 0, 3;
    %assign/vec4 v0000017fe91f2ad0_0, 0;
    %load/vec4 v0000017fe9287e50_0;
    %addi 1, 0, 3;
    %assign/vec4 v0000017fe91f2a30_0, 0;
    %pushi/vec4 3, 0, 3;
    %assign/vec4 v0000017fe9287590_0, 0;
    %jmp T_0.18;
T_0.17 ;
    %pushi/vec4 4, 0, 3;
    %assign/vec4 v0000017fe9287590_0, 0;
T_0.18 ;
T_0.16 ;
    %jmp T_0.8;
T_0.6 ;
    %pushi/vec4 1, 0, 1;
    %assign/vec4 v0000017fe92242c0_0, 0;
    %jmp T_0.8;
T_0.8 ;
    %pop/vec4 1;
T_0.1 ;
    %jmp T_0;
    .thread T_0;
    .scope S_0000017fe91f2760;
T_1 ;
    %wait E_0000017fe921ca40;
    %load/vec4 v0000017fe9287310_0;
    %inv;
    %flag_set/vec4 8;
    %jmp/0xz  T_1.0, 8;
    %pushi/vec4 0, 0, 32;
    %store/vec4 v0000017fe9287130_0, 0, 32;
T_1.2 ;
    %load/vec4 v0000017fe9287130_0;
    %cmpi/s 256, 0, 32;
    %jmp/0xz T_1.3, 5;
    %pushi/vec4 0, 0, 32;
    %ix/getv/s 3, v0000017fe9287130_0;
    %ix/load 4, 0, 0; Constant delay
    %assign/vec4/a/d v0000017fe9287f90, 0, 4;
    %load/vec4 v0000017fe9287130_0;
    %addi 1, 0, 32;
    %store/vec4 v0000017fe9287130_0, 0, 32;
    %jmp T_1.2;
T_1.3 ;
    %jmp T_1.1;
T_1.0 ;
    %load/vec4 v0000017fe9287950_0;
    %flag_set/vec4 8;
    %jmp/0xz  T_1.4, 8;
    %load/vec4 v0000017fe92873b0_0;
    %load/vec4 v0000017fe92878b0_0;
    %pad/u 10;
    %ix/vec4 3;
    %ix/load 4, 0, 0; Constant delay
    %assign/vec4/a/d v0000017fe9287f90, 0, 4;
T_1.4 ;
T_1.1 ;
    %jmp T_1;
    .thread T_1;
    .scope S_0000017fe91f2760;
T_2 ;
    %wait E_0000017fe921c380;
    %load/vec4 v0000017fe9287270_0;
    %flag_set/vec4 8;
    %jmp/0xz  T_2.0, 8;
    %load/vec4 v0000017fe92876d0_0;
    %pad/u 10;
    %ix/vec4 4;
    %load/vec4a v0000017fe9287f90, 4;
    %assign/vec4 v0000017fe9287630_0, 0;
T_2.0 ;
    %jmp T_2;
    .thread T_2;
# The file index is used to find the file name in the following table.
:file_names 4;
    "N/A";
    "<interactive>";
    "PE.v";
    "./SPad.v";
