#! /c/Source/iverilog-install/bin/vvp
:ivl_version "12.0 (devel)" "(s20150603-1110-g18392a46)";
:ivl_delay_selection "TYPICAL";
:vpi_time_precision + 0;
:vpi_module "D:\iverilog\iverilog\lib\ivl\system.vpi";
:vpi_module "D:\iverilog\iverilog\lib\ivl\vhdl_sys.vpi";
:vpi_module "D:\iverilog\iverilog\lib\ivl\vhdl_textio.vpi";
:vpi_module "D:\iverilog\iverilog\lib\ivl\v2005_math.vpi";
:vpi_module "D:\iverilog\iverilog\lib\ivl\va_math.vpi";
S_0000025d8105baf0 .scope module, "PE" "PE" 2 1;
 .timescale 0 0;
    .port_info 0 /INPUT 1 "clk";
    .port_info 1 /INPUT 1 "rst_n";
    .port_info 2 /INPUT 4 "kernel_size";
    .port_info 3 /INPUT 4 "iact_size";
    .port_info 4 /INPUT 32 "weight";
    .port_info 5 /INPUT 32 "iact";
    .port_info 6 /OUTPUT 1 "psum0";
    .port_info 7 /OUTPUT 1 "psum1";
    .port_info 8 /OUTPUT 1 "psum2";
P_0000025d81072e70 .param/l "a_width" 0 2 3, +C4<00000000000000000000000000001000>;
P_0000025d81072ea8 .param/l "d_width" 0 2 2, +C4<00000000000000000000000000100000>;
v0000025d810727c0 .array "buffer_iact", 5 0, 31 0;
v0000025d810a4780 .array "buffer_weight", 5 0, 31 0;
o0000025d810ac218 .functor BUFZ 1, C4<z>; HiZ drive
v0000025d810a4820_0 .net "clk", 0 0, o0000025d810ac218;  0 drivers
v0000025d81072860_0 .var "cnt_iact", 3 0;
v0000025d81072900_0 .var "cnt_weight", 3 0;
v0000025d810729a0_0 .var/i "i", 31 0;
o0000025d810ac2d8 .functor BUFZ 32, C4<zzzzzzzzzzzzzzzzzzzzzzzzzzzzzzzz>; HiZ drive
v0000025d81072a40_0 .net "iact", 31 0, o0000025d810ac2d8;  0 drivers
o0000025d810ac308 .functor BUFZ 4, C4<zzzz>; HiZ drive
v0000025d81072ae0_0 .net "iact_size", 3 0, o0000025d810ac308;  0 drivers
o0000025d810ac338 .functor BUFZ 4, C4<zzzz>; HiZ drive
v0000025d810f5060_0 .net "kernel_size", 3 0, o0000025d810ac338;  0 drivers
v0000025d810f5100_0 .var "load_iact", 0 0;
v0000025d810f51a0_0 .var "load_weight", 0 0;
v0000025d810f5a10_0 .var "psum0", 0 0;
v0000025d810f58d0_0 .var "psum1", 0 0;
v0000025d810f5ab0_0 .var "psum2", 0 0;
o0000025d810ac458 .functor BUFZ 1, C4<z>; HiZ drive
v0000025d810f5dd0_0 .net "rst_n", 0 0, o0000025d810ac458;  0 drivers
o0000025d810ac488 .functor BUFZ 32, C4<zzzzzzzzzzzzzzzzzzzzzzzzzzzzzzzz>; HiZ drive
v0000025d810f5e70_0 .net "weight", 31 0, o0000025d810ac488;  0 drivers
E_0000025d810593e0/0 .event anyedge, v0000025d810f5100_0, v0000025d810f51a0_0, v0000025d81072ae0_0, v0000025d810f5060_0;
v0000025d810727c0_0 .array/port v0000025d810727c0, 0;
v0000025d810727c0_1 .array/port v0000025d810727c0, 1;
v0000025d810727c0_2 .array/port v0000025d810727c0, 2;
E_0000025d810593e0/1 .event anyedge, v0000025d810f5a10_0, v0000025d810727c0_0, v0000025d810727c0_1, v0000025d810727c0_2;
v0000025d810727c0_3 .array/port v0000025d810727c0, 3;
v0000025d810727c0_4 .array/port v0000025d810727c0, 4;
v0000025d810727c0_5 .array/port v0000025d810727c0, 5;
v0000025d810a4780_0 .array/port v0000025d810a4780, 0;
E_0000025d810593e0/2 .event anyedge, v0000025d810727c0_3, v0000025d810727c0_4, v0000025d810727c0_5, v0000025d810a4780_0;
v0000025d810a4780_1 .array/port v0000025d810a4780, 1;
v0000025d810a4780_2 .array/port v0000025d810a4780, 2;
v0000025d810a4780_3 .array/port v0000025d810a4780, 3;
v0000025d810a4780_4 .array/port v0000025d810a4780, 4;
E_0000025d810593e0/3 .event anyedge, v0000025d810a4780_1, v0000025d810a4780_2, v0000025d810a4780_3, v0000025d810a4780_4;
v0000025d810a4780_5 .array/port v0000025d810a4780, 5;
E_0000025d810593e0/4 .event anyedge, v0000025d810a4780_5, v0000025d810f58d0_0, v0000025d810f5ab0_0;
E_0000025d810593e0 .event/or E_0000025d810593e0/0, E_0000025d810593e0/1, E_0000025d810593e0/2, E_0000025d810593e0/3, E_0000025d810593e0/4;
E_0000025d81059a60/0 .event negedge, v0000025d810f5dd0_0;
E_0000025d81059a60/1 .event posedge, v0000025d810a4820_0;
E_0000025d81059a60 .event/or E_0000025d81059a60/0, E_0000025d81059a60/1;
    .scope S_0000025d8105baf0;
T_0 ;
    %wait E_0000025d81059a60;
    %load/vec4 v0000025d810f5dd0_0;
    %inv;
    %flag_set/vec4 8;
    %jmp/0xz  T_0.0, 8;
    %pushi/vec4 0, 0, 4;
    %assign/vec4 v0000025d81072860_0, 0;
    %pushi/vec4 0, 0, 1;
    %assign/vec4 v0000025d810f5100_0, 0;
    %jmp T_0.1;
T_0.0 ;
    %load/vec4 v0000025d81072860_0;
    %load/vec4 v0000025d81072ae0_0;
    %cmp/u;
    %jmp/0xz  T_0.2, 5;
    %load/vec4 v0000025d81072a40_0;
    %ix/getv 3, v0000025d81072860_0;
    %ix/load 4, 0, 0; Constant delay
    %assign/vec4/a/d v0000025d810727c0, 0, 4;
    %load/vec4 v0000025d81072860_0;
    %addi 1, 0, 4;
    %assign/vec4 v0000025d81072860_0, 0;
    %jmp T_0.3;
T_0.2 ;
    %pushi/vec4 1, 0, 1;
    %assign/vec4 v0000025d810f5100_0, 0;
T_0.3 ;
T_0.1 ;
    %jmp T_0;
    .thread T_0;
    .scope S_0000025d8105baf0;
T_1 ;
    %wait E_0000025d81059a60;
    %load/vec4 v0000025d810f5dd0_0;
    %inv;
    %flag_set/vec4 8;
    %jmp/0xz  T_1.0, 8;
    %pushi/vec4 0, 0, 4;
    %assign/vec4 v0000025d81072900_0, 0;
    %pushi/vec4 0, 0, 1;
    %assign/vec4 v0000025d810f51a0_0, 0;
    %jmp T_1.1;
T_1.0 ;
    %load/vec4 v0000025d81072900_0;
    %load/vec4 v0000025d810f5060_0;
    %cmp/u;
    %jmp/0xz  T_1.2, 5;
    %load/vec4 v0000025d810f5e70_0;
    %ix/getv 3, v0000025d81072900_0;
    %ix/load 4, 0, 0; Constant delay
    %assign/vec4/a/d v0000025d810a4780, 0, 4;
    %load/vec4 v0000025d81072900_0;
    %addi 1, 0, 4;
    %assign/vec4 v0000025d81072900_0, 0;
    %jmp T_1.3;
T_1.2 ;
    %pushi/vec4 1, 0, 1;
    %assign/vec4 v0000025d810f51a0_0, 0;
T_1.3 ;
T_1.1 ;
    %jmp T_1;
    .thread T_1;
    .scope S_0000025d8105baf0;
T_2 ;
    %wait E_0000025d810593e0;
    %load/vec4 v0000025d810f5100_0;
    %load/vec4 v0000025d810f51a0_0;
    %and;
    %flag_set/vec4 8;
    %jmp/0xz  T_2.0, 8;
    %pushi/vec4 0, 0, 32;
    %store/vec4 v0000025d810729a0_0, 0, 32;
T_2.2 ;
    %load/vec4 v0000025d810729a0_0;
    %load/vec4 v0000025d81072ae0_0;
    %pad/u 32;
    %load/vec4 v0000025d810f5060_0;
    %pad/u 32;
    %sub;
    %addi 1, 0, 32;
    %cmp/u;
    %jmp/0xz T_2.3, 5;
    %load/vec4 v0000025d810f5a10_0;
    %pad/u 32;
    %ix/getv/s 4, v0000025d810729a0_0;
    %load/vec4a v0000025d810727c0, 4;
    %ix/getv/s 4, v0000025d810729a0_0;
    %load/vec4a v0000025d810a4780, 4;
    %mul;
    %add;
    %pad/u 1;
    %assign/vec4 v0000025d810f5a10_0, 0;
    %load/vec4 v0000025d810f58d0_0;
    %pad/u 32;
    %ix/getv/s 4, v0000025d810729a0_0;
    %load/vec4a v0000025d810727c0, 4;
    %load/vec4 v0000025d810729a0_0;
    %pad/s 33;
    %addi 1, 0, 33;
    %ix/vec4/s 4;
    %load/vec4a v0000025d810a4780, 4;
    %mul;
    %add;
    %pad/u 1;
    %assign/vec4 v0000025d810f58d0_0, 0;
    %load/vec4 v0000025d810f5ab0_0;
    %pad/u 32;
    %ix/getv/s 4, v0000025d810729a0_0;
    %load/vec4a v0000025d810727c0, 4;
    %load/vec4 v0000025d810729a0_0;
    %pad/s 33;
    %addi 2, 0, 33;
    %ix/vec4/s 4;
    %load/vec4a v0000025d810a4780, 4;
    %mul;
    %add;
    %pad/u 1;
    %assign/vec4 v0000025d810f5ab0_0, 0;
    %load/vec4 v0000025d810729a0_0;
    %addi 1, 0, 32;
    %store/vec4 v0000025d810729a0_0, 0, 32;
    %jmp T_2.2;
T_2.3 ;
T_2.0 ;
    %jmp T_2;
    .thread T_2, $push;
# The file index is used to find the file name in the following table.
:file_names 3;
    "N/A";
    "<interactive>";
    "PE_new.v";
