#! /c/Source/iverilog-install/bin/vvp
:ivl_version "12.0 (devel)" "(s20150603-1110-g18392a46)";
:ivl_delay_selection "TYPICAL";
:vpi_time_precision + 0;
:vpi_module "D:\iverilog\iverilog\lib\ivl\system.vpi";
:vpi_module "D:\iverilog\iverilog\lib\ivl\vhdl_sys.vpi";
:vpi_module "D:\iverilog\iverilog\lib\ivl\vhdl_textio.vpi";
:vpi_module "D:\iverilog\iverilog\lib\ivl\v2005_math.vpi";
:vpi_module "D:\iverilog\iverilog\lib\ivl\va_math.vpi";
S_000002e5394a2830 .scope module, "SPad" "SPad" 2 1;
 .timescale 0 0;
    .port_info 0 /INPUT 1 "clk";
    .port_info 1 /INPUT 1 "rst_n";
    .port_info 2 /INPUT 1 "wen";
    .port_info 3 /INPUT 1 "ren";
    .port_info 4 /INPUT 8 "w_addr";
    .port_info 5 /INPUT 32 "w_data";
    .port_info 6 /INPUT 8 "r_addr";
    .port_info 7 /OUTPUT 32 "r_data";
P_000002e5394a2e70 .param/l "a_width" 0 2 3, +C4<00000000000000000000000000001000>;
P_000002e5394a2ea8 .param/l "d_width" 0 2 2, +C4<00000000000000000000000000100000>;
o000002e5394d6fb8 .functor BUFZ 1, C4<z>; HiZ drive
v000002e5394a2cf0_0 .net "clk", 0 0, o000002e5394d6fb8;  0 drivers
v000002e5394a29c0_0 .var/i "i", 31 0;
v000002e5394a2a60 .array "mem", 256 0, 31 0;
o000002e5394d7018 .functor BUFZ 8, C4<zzzzzzzz>; HiZ drive
v000002e5394a2b00_0 .net "r_addr", 7 0, o000002e5394d7018;  0 drivers
v000002e5394d3fc0_0 .var "r_data", 31 0;
o000002e5394d7078 .functor BUFZ 1, C4<z>; HiZ drive
v000002e5394d4060_0 .net "ren", 0 0, o000002e5394d7078;  0 drivers
o000002e5394d70a8 .functor BUFZ 1, C4<z>; HiZ drive
v000002e5394d4100_0 .net "rst_n", 0 0, o000002e5394d70a8;  0 drivers
o000002e5394d70d8 .functor BUFZ 8, C4<zzzzzzzz>; HiZ drive
v000002e5394d41a0_0 .net "w_addr", 7 0, o000002e5394d70d8;  0 drivers
o000002e5394d7108 .functor BUFZ 32, C4<zzzzzzzzzzzzzzzzzzzzzzzzzzzzzzzz>; HiZ drive
v000002e5394d4240_0 .net "w_data", 31 0, o000002e5394d7108;  0 drivers
o000002e5394d7138 .functor BUFZ 1, C4<z>; HiZ drive
v000002e5394d42e0_0 .net "wen", 0 0, o000002e5394d7138;  0 drivers
E_000002e53948b190 .event posedge, v000002e5394a2cf0_0;
E_000002e53948b6d0/0 .event negedge, v000002e5394d4100_0;
E_000002e53948b6d0/1 .event posedge, v000002e5394a2cf0_0;
E_000002e53948b6d0 .event/or E_000002e53948b6d0/0, E_000002e53948b6d0/1;
    .scope S_000002e5394a2830;
T_0 ;
    %wait E_000002e53948b6d0;
    %load/vec4 v000002e5394d4100_0;
    %inv;
    %flag_set/vec4 8;
    %jmp/0xz  T_0.0, 8;
    %pushi/vec4 0, 0, 32;
    %store/vec4 v000002e5394a29c0_0, 0, 32;
T_0.2 ;
    %load/vec4 v000002e5394a29c0_0;
    %cmpi/s 256, 0, 32;
    %jmp/0xz T_0.3, 5;
    %pushi/vec4 0, 0, 32;
    %ix/getv/s 3, v000002e5394a29c0_0;
    %ix/load 4, 0, 0; Constant delay
    %assign/vec4/a/d v000002e5394a2a60, 0, 4;
    %load/vec4 v000002e5394a29c0_0;
    %addi 1, 0, 32;
    %store/vec4 v000002e5394a29c0_0, 0, 32;
    %jmp T_0.2;
T_0.3 ;
    %jmp T_0.1;
T_0.0 ;
    %load/vec4 v000002e5394d42e0_0;
    %flag_set/vec4 8;
    %jmp/0xz  T_0.4, 8;
    %load/vec4 v000002e5394d4240_0;
    %load/vec4 v000002e5394d41a0_0;
    %pad/u 10;
    %ix/vec4 3;
    %ix/load 4, 0, 0; Constant delay
    %assign/vec4/a/d v000002e5394a2a60, 0, 4;
T_0.4 ;
T_0.1 ;
    %jmp T_0;
    .thread T_0;
    .scope S_000002e5394a2830;
T_1 ;
    %wait E_000002e53948b190;
    %load/vec4 v000002e5394d4060_0;
    %flag_set/vec4 8;
    %jmp/0xz  T_1.0, 8;
    %load/vec4 v000002e5394a2b00_0;
    %pad/u 10;
    %ix/vec4 4;
    %load/vec4a v000002e5394a2a60, 4;
    %assign/vec4 v000002e5394d3fc0_0, 0;
T_1.0 ;
    %jmp T_1;
    .thread T_1;
# The file index is used to find the file name in the following table.
:file_names 3;
    "N/A";
    "<interactive>";
    "SPad.v";
